
Showing logs for build [32mcb-kubecd-environment-pr-1491-1-54hsw-1[0m stage [32mfrom-build-pack[0m and container [32mstep-credential-initializer-b47rl[0m
{"level":"info","ts":1591265704.5841472,"logger":"fallback-logger","caller":"logging/config.go:69","msg":"Fetch GitHub commit ID from kodata failed: open /var/run/ko/refs/heads/0.8.0-ns-support: no such file or directory"}
{"level":"info","ts":1591265704.5846217,"logger":"fallback-logger","caller":"creds-init/main.go:40","msg":"Credentials initialized."}

Showing logs for build [32mcb-kubecd-environment-pr-1491-1-54hsw-1[0m stage [32mfrom-build-pack[0m and container [32mstep-working-dir-initializer-zcktc[0m
{"level":"info","ts":1591265706.0181904,"logger":"fallback-logger","caller":"logging/config.go:69","msg":"Fetch GitHub commit ID from kodata failed: open /var/run/ko/HEAD: no such file or directory"}
{"level":"info","ts":1591265706.025082,"logger":"fallback-logger","caller":"bash/main.go:64","msg":"Successfully executed command \"sh -c mkdir -p /workspace/source\"; output "}

Showing logs for build [32mcb-kubecd-environment-pr-1491-1-54hsw-1[0m stage [32mfrom-build-pack[0m and container [32mstep-place-tools[0m

Showing logs for build [32mcb-kubecd-environment-pr-1491-1-54hsw-1[0m stage [32mfrom-build-pack[0m and container [32mstep-git-source-cb-kubecd-environment-pr-1491-1-54hsw-5gg7n[0m
{"level":"info","ts":1591265712.1427615,"logger":"fallback-logger","caller":"logging/config.go:69","msg":"Fetch GitHub commit ID from kodata failed: open /var/run/ko/refs/heads/0.8.0-ns-support: no such file or directory"}
{"level":"info","ts":1591265713.3098676,"logger":"fallback-logger","caller":"git/git.go:103","msg":"Successfully cloned https://github.com/cb-kubecd/environment-pr-1491-133-bdd-frontend-staging.git @ master in path /workspace/source"}

Showing logs for build [32mcb-kubecd-environment-pr-1491-1-54hsw-1[0m stage [32mfrom-build-pack[0m and container [32mstep-git-merge[0m
Using SHAs from PULL_REFS=master:6222b839c532d25dab74936d85d07656ce3bf479,1:5743100200bfe1e69d307a61753dbdaa75f2c748
DEBUG: LC_ALL=C JX_LOG_LEVEL=error git fetch origin --unshallow 5743100200bfe1e69d307a61753dbdaa75f2c748: 6222b839c532d25dab74936d85d07656ce3bf479:
DEBUG: ran git fetch --unshallow origin 5743100200bfe1e69d307a61753dbdaa75f2c748: 6222b839c532d25dab74936d85d07656ce3bf479: in 
DEBUG: JX_LOG_LEVEL=error LC_ALL=C git branch
DEBUG: LC_ALL=C JX_LOG_LEVEL=error git checkout master
DEBUG: ran git checkout master in 
DEBUG: JX_LOG_LEVEL=error LC_ALL=C git reset --hard 6222b839c532d25dab74936d85d07656ce3bf479
DEBUG: ran git reset --hard 6222b839c532d25dab74936d85d07656ce3bf479 in 
DEBUG: LC_ALL=C JX_LOG_LEVEL=error git clean -fd .
DEBUG: ran clean --force -d . in 
DEBUG: LC_ALL=C JX_LOG_LEVEL=error git merge 5743100200bfe1e69d307a61753dbdaa75f2c748
DEBUG: ran git merge 5743100200bfe1e69d307a61753dbdaa75f2c748 in 
DEBUG: LC_ALL=C JX_LOG_LEVEL=error git log --format=%H%x1f%an%x1f%ae%x1f%cn%x1f%ce%x1f%s%n%b%x1e 6222b839c532d25dab74936d85d07656ce3bf479..HEAD
Merged SHA 5743100200bfe1e69d307a61753dbdaa75f2c748 with commit message 'chore: Promote bdd-nh-1591264668 to version 0.0.1' into base branch master

Showing logs for build [32mcb-kubecd-environment-pr-1491-1-54hsw-1[0m stage [32mfrom-build-pack[0m and container [32mstep-build-helm-build[0m
WARNING: No $CHART_REPOSITORY defined so using the default value of: http://jenkins-x-chartmuseum:8080
Adding missing Helm repo: storage.googleapis.com https://storage.googleapis.com/chartmuseum.jenkins-x.io
WARNING: No secrets found on "helm/repos" due: reading the secret "helm/repos" from vault: no secret "helm/repos" not found in vault
Read credentials for https://storage.googleapis.com/chartmuseum.jenkins-x.io from vault helm/repos
Successfully added Helm repository storage.googleapis.com.
Adding missing Helm repo: jenkins-x-chartmuseum http://jenkins-x-chartmuseum:8080
WARNING: No secrets found on "helm/repos" due: reading the secret "helm/repos" from vault: no secret "helm/repos" not found in vault
Read credentials for http://jenkins-x-chartmuseum:8080 from vault helm/repos
Successfully added Helm repository jenkins-x-chartmuseum.
WARNING: No $CHART_REPOSITORY defined so using the default value of: http://jenkins-x-chartmuseum:8080
Adding missing Helm repo: chartmuseum.jenkins-x.io http://chartmuseum.jenkins-x.io
WARNING: No secrets found on "helm/repos" due: reading the secret "helm/repos" from vault: no secret "helm/repos" not found in vault
Read credentials for http://chartmuseum.jenkins-x.io from vault helm/repos
Successfully added Helm repository chartmuseum.jenkins-x.io.
